<?xml version="1.0" encoding="UTF-8"?>
<!-- Generated by org.testng.reporters.JUnitXMLReporter -->
<testsuite ignored="0" hostname="LPCL-PG0340BY" failures="0" tests="6" name="Default test" time="0.821" errors="0" timestamp="2024-07-17T12:26:29 IST">
  <testcase classname="utilclasses.TestDataProvider" name="m5" time="0.012"/>
  <testcase classname="utilclasses.TestDataProvider" name="m5" time="0.002"/>
  <testcase classname="utilclasses.TestDataProvider" name="m5" time="0.002"/>
  <testcase classname="utilclasses.TestDataProvider" name="m5" time="0.001"/>
  <testcase classname="utilclasses.TestDataProvider" name="m5" time="0.001"/>
  <testcase classname="utilclasses.TestDataProvider" name="m5" time="0.001"/>
</testsuite> <!-- Default test -->
