<?xml version="1.0" encoding="UTF-8"?>
<!-- Generated by org.testng.reporters.JUnitXMLReporter -->
<testsuite ignored="6" hostname="LPCL-PG0340BY" failures="0" tests="1" name="groupTestEx" time="9.838" errors="0" timestamp="2024-07-19T15:21:23 IST">
  <testcase classname="testClasses.testBrowser" name="validateCheckboxPage" time="1.616"/>
  <testcase classname="testClasses.RadioButtonTest" name="validatingRadioButton" time="0.0">
    <ignored/>
  </testcase> <!-- validatingRadioButton -->
  <testcase classname="testClasses.CheckBoxTest" name="validatingCheckBox" time="0.0">
    <ignored/>
  </testcase> <!-- validatingCheckBox -->
  <testcase classname="testClasses.TextBoxTest" name="validatingTextBox" time="0.0">
    <ignored/>
  </testcase> <!-- validatingTextBox -->
  <testcase classname="testClasses.WebTablesTest" name="validatingWebTables" time="0.0">
    <ignored/>
  </testcase> <!-- validatingWebTables -->
  <testcase classname="testClasses.ButtonsTest" name="validatingButtons" time="0.0">
    <ignored/>
  </testcase> <!-- validatingButtons -->
  <testcase classname="testClasses.CheckOutTest" name="validatingCheckOut" time="0.0">
    <ignored/>
  </testcase> <!-- validatingCheckOut -->
</testsuite> <!-- groupTestEx -->
