<?xml version="1.0" encoding="UTF-8"?>
<!-- Generated by org.testng.reporters.JUnitXMLReporter -->
<testsuite ignored="0" hostname="LPCL-PG0340BY" failures="0" tests="6" name="Test" time="80.035" errors="0" timestamp="2024-07-17T16:56:02 IST">
  <testcase classname="testClasses.WebTablesTest" name="validatingWebTables" time="7.26"/>
  <testcase classname="testClasses.WebTablesTest" name="validatingWebTables" time="6.943"/>
  <testcase classname="testClasses.WebTablesTest" name="validatingWebTables" time="6.872"/>
  <testcase classname="testClasses.WebTablesTest" name="validatingWebTables" time="6.881"/>
  <testcase classname="testClasses.WebTablesTest" name="validatingWebTables" time="6.967"/>
  <testcase classname="testClasses.WebTablesTest" name="validatingWebTables" time="6.959"/>
</testsuite> <!-- Test -->
