<?xml version="1.0" encoding="UTF-8"?>
<!-- Generated by org.testng.reporters.JUnitXMLReporter -->
<testsuite ignored="4" hostname="LPCL-PG0340BY" failures="0" tests="3" name="Test" time="40.363" errors="0" timestamp="2024-07-19T19:41:19 IST">
  <testcase classname="testClasses.ButtonsTest" name="validatingButtons" time="4.913"/>
  <testcase classname="testClasses.RadioButtonTest" name="validatingRadioButton" time="4.505"/>
  <testcase classname="testClasses.CheckBoxTest" name="validatingCheckBox" time="0.419"/>
  <testcase classname="testClasses.testBrowser" name="validateCheckboxPage" time="0.0">
    <ignored/>
  </testcase> <!-- validateCheckboxPage -->
  <testcase classname="testClasses.TextBoxTest" name="validatingTextBox" time="0.0">
    <ignored/>
  </testcase> <!-- validatingTextBox -->
  <testcase classname="testClasses.WebTablesTest" name="validatingWebTables" time="0.0">
    <ignored/>
  </testcase> <!-- validatingWebTables -->
  <testcase classname="testClasses.CheckOutTest" name="validatingCheckOut" time="0.0">
    <ignored/>
  </testcase> <!-- validatingCheckOut -->
</testsuite> <!-- Test -->
