<?xml version="1.0" encoding="UTF-8"?>
<testng-results ignored="4" total="7" passed="3" failed="0" skipped="0">
  <reporter-output>
  </reporter-output>
  <suite started-at="2024-07-19T19:40:39 IST" name="Suite" finished-at="2024-07-19T19:41:19 IST" duration-ms="40363">
    <groups>
      <group name="Smoke">
        <method signature="ButtonsTest.validatingButtons()[pri:0, instance:testClasses.ButtonsTest@69c81773]" name="validatingButtons" class="testClasses.ButtonsTest"/>
        <method signature="CheckBoxTest.validatingCheckBox()[pri:0, instance:testClasses.CheckBoxTest@5db6b9cd]" name="validatingCheckBox" class="testClasses.CheckBoxTest"/>
        <method signature="RadioButtonTest.validatingRadioButton()[pri:0, instance:testClasses.RadioButtonTest@6f43c82]" name="validatingRadioButton" class="testClasses.RadioButtonTest"/>
      </group> <!-- Smoke -->
    </groups>
    <test started-at="2024-07-19T19:40:39 IST" name="Test" finished-at="2024-07-19T19:41:19 IST" duration-ms="40363">
      <class name="testClasses.ButtonsTest">
        <test-method is-config="true" signature="setup()[pri:0, instance:testClasses.ButtonsTest@69c81773]" started-at="2024-07-19T19:40:39 IST" name="setup" finished-at="2024-07-19T19:40:49 IST" duration-ms="10203" status="PASS">
          <reporter-output>
          </reporter-output>
        </test-method> <!-- setup -->
        <test-method is-config="true" signature="createObject()[pri:0, instance:testClasses.ButtonsTest@69c81773]" started-at="2024-07-19T19:40:49 IST" name="createObject" finished-at="2024-07-19T19:40:49 IST" duration-ms="42" status="PASS">
          <reporter-output>
          </reporter-output>
        </test-method> <!-- createObject -->
        <test-method signature="validatingButtons()[pri:0, instance:testClasses.ButtonsTest@69c81773]" started-at="2024-07-19T19:40:49 IST" name="validatingButtons" finished-at="2024-07-19T19:40:54 IST" duration-ms="4913" status="PASS">
          <reporter-output>
          </reporter-output>
        </test-method> <!-- validatingButtons -->
        <test-method is-config="true" signature="tearDown()[pri:0, instance:testClasses.ButtonsTest@69c81773]" started-at="2024-07-19T19:40:54 IST" name="tearDown" finished-at="2024-07-19T19:40:55 IST" duration-ms="514" status="PASS">
          <reporter-output>
          </reporter-output>
        </test-method> <!-- tearDown -->
      </class> <!-- testClasses.ButtonsTest -->
      <class name="testClasses.CheckBoxTest">
        <test-method is-config="true" signature="setup()[pri:0, instance:testClasses.CheckBoxTest@5db6b9cd]" started-at="2024-07-19T19:41:10 IST" name="setup" finished-at="2024-07-19T19:41:18 IST" duration-ms="8331" status="PASS">
          <reporter-output>
          </reporter-output>
        </test-method> <!-- setup -->
        <test-method is-config="true" signature="createObject()[pri:0, instance:testClasses.CheckBoxTest@5db6b9cd]" started-at="2024-07-19T19:41:18 IST" name="createObject" finished-at="2024-07-19T19:41:18 IST" duration-ms="5" status="PASS">
          <reporter-output>
          </reporter-output>
        </test-method> <!-- createObject -->
        <test-method signature="validatingCheckBox()[pri:0, instance:testClasses.CheckBoxTest@5db6b9cd]" started-at="2024-07-19T19:41:18 IST" name="validatingCheckBox" finished-at="2024-07-19T19:41:19 IST" duration-ms="419" status="PASS">
          <reporter-output>
          </reporter-output>
        </test-method> <!-- validatingCheckBox -->
        <test-method is-config="true" signature="tearDown()[pri:0, instance:testClasses.CheckBoxTest@5db6b9cd]" started-at="2024-07-19T19:41:19 IST" name="tearDown" finished-at="2024-07-19T19:41:19 IST" duration-ms="462" status="PASS">
          <reporter-output>
          </reporter-output>
        </test-method> <!-- tearDown -->
      </class> <!-- testClasses.CheckBoxTest -->
      <class name="testClasses.RadioButtonTest">
        <test-method is-config="true" signature="setup()[pri:0, instance:testClasses.RadioButtonTest@6f43c82]" started-at="2024-07-19T19:40:55 IST" name="setup" finished-at="2024-07-19T19:41:05 IST" duration-ms="10404" status="PASS">
          <reporter-output>
          </reporter-output>
        </test-method> <!-- setup -->
        <test-method is-config="true" signature="createObject()[pri:0, instance:testClasses.RadioButtonTest@6f43c82]" started-at="2024-07-19T19:41:05 IST" name="createObject" finished-at="2024-07-19T19:41:05 IST" duration-ms="1" status="PASS">
          <reporter-output>
          </reporter-output>
        </test-method> <!-- createObject -->
        <test-method signature="validatingRadioButton()[pri:0, instance:testClasses.RadioButtonTest@6f43c82]" started-at="2024-07-19T19:41:05 IST" name="validatingRadioButton" finished-at="2024-07-19T19:41:10 IST" duration-ms="4505" status="PASS">
          <reporter-output>
          </reporter-output>
        </test-method> <!-- validatingRadioButton -->
        <test-method is-config="true" signature="tearDown()[pri:0, instance:testClasses.RadioButtonTest@6f43c82]" started-at="2024-07-19T19:41:10 IST" name="tearDown" finished-at="2024-07-19T19:41:10 IST" duration-ms="507" status="PASS">
          <reporter-output>
          </reporter-output>
        </test-method> <!-- tearDown -->
      </class> <!-- testClasses.RadioButtonTest -->
    </test> <!-- Test -->
  </suite> <!-- Suite -->
</testng-results>
